Arguments: 
  D:\Node.js\node.exe C:\Users\wwwwy\AppData\Roaming\npm\node_modules\yarn\bin\yarn.js install --production

PATH: 
  C:\Users\wwwwy\bin;D:\Git\mingw64\bin;D:\Git\usr\local\bin;D:\Git\usr\bin;D:\Git\usr\bin;D:\Git\mingw64\bin;D:\Git\usr\bin;C:\Users\wwwwy\bin;D:\Python27;D:\Python27\Scripts;C:\ProgramData\Oracle\Java\javapath;C:\Windows\system32;C:\Windows;C:\Windows\System32\Wbem;C:\Windows\System32\WindowsPowerShell\v1.0;D:\feiq;D:\Git\cmd;D:\ssr-win;D:\Android\SDK\tools;D:\Node.js;D:\Android\SDK\build-tools\26.0.1;D:\Android\SDK\platform-tools;C:\Users\wwwwy\AppData\Local\Microsoft\WindowsApps;D:\Android\JDK\bin;D:\Android\JDK\jre\bin;D:\Android\SDK\platform-tools;%CATALINA_HOME%\lib;%CATALINA_HOME%\bin;C:\Users\wwwwy\AppData\Roaming\npm;D:\Git\usr\bin\vendor_perl;D:\Git\usr\bin\core_perl

Yarn version: 
  1.0.2

Node version: 
  8.4.0

Platform: 
  win32 x64

npm manifest: 
  {
    "name": "hexo-site",
    "version": "0.0.0",
    "private": true,
    "hexo": {
      "version": ""
    },
    "dependencies": {
      "hexo": "^3.2.0",
      "hexo-generator-archive": "^0.1.4",
      "hexo-generator-category": "^0.1.3",
      "hexo-generator-index": "^0.2.0",
      "hexo-generator-tag": "^0.2.0",
      "hexo-renderer-ejs": "^0.3.0",
      "hexo-renderer-stylus": "^0.3.1",
      "hexo-renderer-marked": "^0.3.0",
      "hexo-server": "^0.2.0"
    }
  }

yarn manifest: 
  No manifest

Lockfile: 
  No lockfile

Trace: 
  Error: connect ETIMEDOUT 104.16.61.173:443
      at Object._errnoException (util.js:1041:11)
      at _exceptionWithHostPort (util.js:1064:20)
      at TCPConnectWrap.afterConnect [as oncomplete] (net.js:1153:14)
